{"/home/labber/SCHEDULER/scheduler/src/components/Application.js": {"path":"/home/labber/SCHEDULER/scheduler/src/components/Application.js","statementMap":{"0":{"start":{"line":22,"column":6},"end":{"line":22,"column":26}},"1":{"start":{"line":24,"column":23},"end":{"line":24,"column":62}},"2":{"start":{"line":26,"column":23},"end":{"line":39,"column":3}},"3":{"start":{"line":28,"column":6},"end":{"line":37,"column":8}},"4":{"start":{"line":41,"column":2},"end":{"line":64,"column":4}}},"fnMap":{"0":{"name":"Application","decl":{"start":{"line":16,"column":24},"end":{"line":16,"column":35}},"loc":{"start":{"line":16,"column":43},"end":{"line":65,"column":1}},"line":16},"1":{"name":"(anonymous_1)","decl":{"start":{"line":27,"column":4},"end":{"line":27,"column":5}},"loc":{"start":{"line":27,"column":19},"end":{"line":38,"column":5}},"line":27}},"branchMap":{},"s":{"0":9,"1":9,"2":9,"3":12,"4":9},"f":{"0":9,"1":12},"b":{},"_coverageSchema":"43e27e138ebf9cfc5966b082cf9a028302ed4184","hash":"a41455dbaa99c0df455e3110c51ce76e3f3cfd85"}
,"/home/labber/SCHEDULER/scheduler/src/components/Button.js": {"path":"/home/labber/SCHEDULER/scheduler/src/components/Button.js","statementMap":{"0":{"start":{"line":8,"column":22},"end":{"line":11,"column":4}},"1":{"start":{"line":13,"column":2},"end":{"line":21,"column":4}}},"fnMap":{"0":{"name":"Button","decl":{"start":{"line":7,"column":24},"end":{"line":7,"column":30}},"loc":{"start":{"line":7,"column":38},"end":{"line":22,"column":1}},"line":7}},"branchMap":{},"s":{"0":38,"1":38},"f":{"0":38},"b":{},"_coverageSchema":"43e27e138ebf9cfc5966b082cf9a028302ed4184","hash":"9ea4a9b06fb09a1107cd55f74b846466cb61b31d"}
,"/home/labber/SCHEDULER/scheduler/src/components/DayList.js": {"path":"/home/labber/SCHEDULER/scheduler/src/components/DayList.js","statementMap":{"0":{"start":{"line":6,"column":15},"end":{"line":16,"column":4}},"1":{"start":{"line":7,"column":4},"end":{"line":15,"column":6}},"2":{"start":{"line":18,"column":2},"end":{"line":18,"column":25}}},"fnMap":{"0":{"name":"DayList","decl":{"start":{"line":5,"column":24},"end":{"line":5,"column":31}},"loc":{"start":{"line":5,"column":39},"end":{"line":19,"column":1}},"line":5},"1":{"name":"(anonymous_1)","decl":{"start":{"line":6,"column":30},"end":{"line":6,"column":31}},"loc":{"start":{"line":6,"column":37},"end":{"line":16,"column":3}},"line":6}},"branchMap":{},"s":{"0":9,"1":12,"2":9},"f":{"0":9,"1":12},"b":{},"_coverageSchema":"43e27e138ebf9cfc5966b082cf9a028302ed4184","hash":"e04da61c782fb8435deaf074325ef17643ab71d3"}
,"/home/labber/SCHEDULER/scheduler/src/components/DayListItem.js": {"path":"/home/labber/SCHEDULER/scheduler/src/components/DayListItem.js","statementMap":{"0":{"start":{"line":7,"column":2},"end":{"line":7,"column":48}},"1":{"start":{"line":7,"column":20},"end":{"line":7,"column":48}},"2":{"start":{"line":8,"column":2},"end":{"line":8,"column":46}},"3":{"start":{"line":8,"column":20},"end":{"line":8,"column":46}},"4":{"start":{"line":10,"column":2},"end":{"line":10,"column":37}},"5":{"start":{"line":14,"column":19},"end":{"line":17,"column":4}},"6":{"start":{"line":19,"column":2},"end":{"line":28,"column":4}},"7":{"start":{"line":22,"column":21},"end":{"line":22,"column":45}}},"fnMap":{"0":{"name":"formatSpots","decl":{"start":{"line":6,"column":16},"end":{"line":6,"column":27}},"loc":{"start":{"line":6,"column":36},"end":{"line":11,"column":1}},"line":6},"1":{"name":"DayListItem","decl":{"start":{"line":13,"column":24},"end":{"line":13,"column":35}},"loc":{"start":{"line":13,"column":43},"end":{"line":29,"column":1}},"line":13},"2":{"name":"(anonymous_2)","decl":{"start":{"line":22,"column":15},"end":{"line":22,"column":16}},"loc":{"start":{"line":22,"column":21},"end":{"line":22,"column":45}},"line":22}},"branchMap":{"0":{"loc":{"start":{"line":7,"column":2},"end":{"line":7,"column":48}},"type":"if","locations":[{"start":{"line":7,"column":2},"end":{"line":7,"column":48}},{"start":{"line":7,"column":2},"end":{"line":7,"column":48}}],"line":7},"1":{"loc":{"start":{"line":8,"column":2},"end":{"line":8,"column":46}},"type":"if","locations":[{"start":{"line":8,"column":2},"end":{"line":8,"column":46}},{"start":{"line":8,"column":2},"end":{"line":8,"column":46}}],"line":8}},"s":{"0":12,"1":1,"2":11,"3":10,"4":1,"5":12,"6":12,"7":1},"f":{"0":12,"1":12,"2":1},"b":{"0":[1,11],"1":[10,1]},"_coverageSchema":"43e27e138ebf9cfc5966b082cf9a028302ed4184","hash":"0a4d390b4855c259d9a2bd32c0926e7905836599"}
,"/home/labber/SCHEDULER/scheduler/src/components/InterviewerList.js": {"path":"/home/labber/SCHEDULER/scheduler/src/components/InterviewerList.js","statementMap":{"0":{"start":{"line":9,"column":23},"end":{"line":20,"column":4}},"1":{"start":{"line":10,"column":4},"end":{"line":19,"column":6}},"2":{"start":{"line":17,"column":33},"end":{"line":17,"column":63}},"3":{"start":{"line":22,"column":2},"end":{"line":27,"column":4}},"4":{"start":{"line":30,"column":0},"end":{"line":34,"column":2}}},"fnMap":{"0":{"name":"InterviewerList","decl":{"start":{"line":8,"column":9},"end":{"line":8,"column":24}},"loc":{"start":{"line":8,"column":32},"end":{"line":28,"column":1}},"line":8},"1":{"name":"(anonymous_1)","decl":{"start":{"line":9,"column":46},"end":{"line":9,"column":47}},"loc":{"start":{"line":9,"column":61},"end":{"line":20,"column":3}},"line":9},"2":{"name":"(anonymous_2)","decl":{"start":{"line":17,"column":24},"end":{"line":17,"column":25}},"loc":{"start":{"line":17,"column":33},"end":{"line":17,"column":63}},"line":17}},"branchMap":{},"s":{"0":17,"1":20,"2":1,"3":17,"4":3},"f":{"0":17,"1":20,"2":1},"b":{},"_coverageSchema":"43e27e138ebf9cfc5966b082cf9a028302ed4184","hash":"f5114ad3014483fd40c79a63057f4354c98192ea"}
,"/home/labber/SCHEDULER/scheduler/src/components/InterviewerListItem.js": {"path":"/home/labber/SCHEDULER/scheduler/src/components/InterviewerListItem.js","statementMap":{"0":{"start":{"line":7,"column":20},"end":{"line":9,"column":4}},"1":{"start":{"line":11,"column":2},"end":{"line":20,"column":4}}},"fnMap":{"0":{"name":"InterviewerItem","decl":{"start":{"line":6,"column":24},"end":{"line":6,"column":39}},"loc":{"start":{"line":6,"column":47},"end":{"line":21,"column":1}},"line":6}},"branchMap":{"0":{"loc":{"start":{"line":18,"column":7},"end":{"line":18,"column":35}},"type":"binary-expr","locations":[{"start":{"line":18,"column":7},"end":{"line":18,"column":21}},{"start":{"line":18,"column":25},"end":{"line":18,"column":35}}],"line":18}},"s":{"0":20,"1":20},"f":{"0":20},"b":{"0":[20,5]},"_coverageSchema":"43e27e138ebf9cfc5966b082cf9a028302ed4184","hash":"6429b9cec0877df0222f3ffb1ca7a45ea56c9998"}
,"/home/labber/SCHEDULER/scheduler/src/components/Appointment/Confirm.js": {"path":"/home/labber/SCHEDULER/scheduler/src/components/Appointment/Confirm.js","statementMap":{"0":{"start":{"line":6,"column":2},"end":{"line":18,"column":4}}},"fnMap":{"0":{"name":"Confirm","decl":{"start":{"line":5,"column":24},"end":{"line":5,"column":31}},"loc":{"start":{"line":5,"column":39},"end":{"line":19,"column":1}},"line":5}},"branchMap":{},"s":{"0":1},"f":{"0":1},"b":{},"_coverageSchema":"43e27e138ebf9cfc5966b082cf9a028302ed4184","hash":"1c98557a411f8d4ff4be9b9c49fd9792b377ae9f"}
,"/home/labber/SCHEDULER/scheduler/src/components/Appointment/Empty.js": {"path":"/home/labber/SCHEDULER/scheduler/src/components/Appointment/Empty.js","statementMap":{"0":{"start":{"line":4,"column":2},"end":{"line":13,"column":4}}},"fnMap":{"0":{"name":"Empty","decl":{"start":{"line":3,"column":24},"end":{"line":3,"column":29}},"loc":{"start":{"line":3,"column":37},"end":{"line":14,"column":1}},"line":3}},"branchMap":{},"s":{"0":16},"f":{"0":16},"b":{},"_coverageSchema":"43e27e138ebf9cfc5966b082cf9a028302ed4184","hash":"8c09aa917aa889d556695779d7274502c49bba94"}
,"/home/labber/SCHEDULER/scheduler/src/components/Appointment/Error.js": {"path":"/home/labber/SCHEDULER/scheduler/src/components/Appointment/Error.js","statementMap":{"0":{"start":{"line":4,"column":2},"end":{"line":17,"column":4}}},"fnMap":{"0":{"name":"Error","decl":{"start":{"line":3,"column":24},"end":{"line":3,"column":29}},"loc":{"start":{"line":3,"column":37},"end":{"line":18,"column":1}},"line":3}},"branchMap":{},"s":{"0":0},"f":{"0":0},"b":{},"_coverageSchema":"43e27e138ebf9cfc5966b082cf9a028302ed4184","hash":"fc98b1c29cd78d9b5b38e226bf6efc76e757268f"}
,"/home/labber/SCHEDULER/scheduler/src/components/Appointment/Form.js": {"path":"/home/labber/SCHEDULER/scheduler/src/components/Appointment/Form.js","statementMap":{"0":{"start":{"line":7,"column":26},"end":{"line":7,"column":52}},"1":{"start":{"line":8,"column":40},"end":{"line":8,"column":75}},"2":{"start":{"line":9,"column":28},"end":{"line":9,"column":40}},"3":{"start":{"line":12,"column":4},"end":{"line":12,"column":16}},"4":{"start":{"line":13,"column":4},"end":{"line":13,"column":17}},"5":{"start":{"line":14,"column":4},"end":{"line":14,"column":25}},"6":{"start":{"line":18,"column":4},"end":{"line":18,"column":12}},"7":{"start":{"line":19,"column":4},"end":{"line":19,"column":21}},"8":{"start":{"line":25,"column":4},"end":{"line":28,"column":5}},"9":{"start":{"line":26,"column":6},"end":{"line":26,"column":47}},"10":{"start":{"line":27,"column":6},"end":{"line":27,"column":13}},"11":{"start":{"line":29,"column":4},"end":{"line":32,"column":5}},"12":{"start":{"line":30,"column":6},"end":{"line":30,"column":47}},"13":{"start":{"line":31,"column":6},"end":{"line":31,"column":13}},"14":{"start":{"line":33,"column":4},"end":{"line":33,"column":17}},"15":{"start":{"line":34,"column":4},"end":{"line":34,"column":36}},"16":{"start":{"line":37,"column":2},"end":{"line":71,"column":4}},"17":{"start":{"line":40,"column":52},"end":{"line":40,"column":74}},"18":{"start":{"line":48,"column":14},"end":{"line":48,"column":42}}},"fnMap":{"0":{"name":"Form","decl":{"start":{"line":6,"column":24},"end":{"line":6,"column":28}},"loc":{"start":{"line":6,"column":36},"end":{"line":72,"column":1}},"line":6},"1":{"name":"reset","decl":{"start":{"line":11,"column":11},"end":{"line":11,"column":16}},"loc":{"start":{"line":11,"column":19},"end":{"line":15,"column":3}},"line":11},"2":{"name":"cancel","decl":{"start":{"line":17,"column":11},"end":{"line":17,"column":17}},"loc":{"start":{"line":17,"column":20},"end":{"line":20,"column":3}},"line":17},"3":{"name":"validate","decl":{"start":{"line":24,"column":11},"end":{"line":24,"column":19}},"loc":{"start":{"line":24,"column":22},"end":{"line":35,"column":3}},"line":24},"4":{"name":"(anonymous_4)","decl":{"start":{"line":40,"column":43},"end":{"line":40,"column":44}},"loc":{"start":{"line":40,"column":52},"end":{"line":40,"column":74}},"line":40},"5":{"name":"(anonymous_5)","decl":{"start":{"line":47,"column":22},"end":{"line":47,"column":23}},"loc":{"start":{"line":47,"column":31},"end":{"line":49,"column":13}},"line":47}},"branchMap":{"0":{"loc":{"start":{"line":7,"column":35},"end":{"line":7,"column":51}},"type":"binary-expr","locations":[{"start":{"line":7,"column":35},"end":{"line":7,"column":45}},{"start":{"line":7,"column":49},"end":{"line":7,"column":51}}],"line":7},"1":{"loc":{"start":{"line":8,"column":49},"end":{"line":8,"column":74}},"type":"binary-expr","locations":[{"start":{"line":8,"column":49},"end":{"line":8,"column":66}},{"start":{"line":8,"column":70},"end":{"line":8,"column":74}}],"line":8},"2":{"loc":{"start":{"line":25,"column":4},"end":{"line":28,"column":5}},"type":"if","locations":[{"start":{"line":25,"column":4},"end":{"line":28,"column":5}},{"start":{"line":25,"column":4},"end":{"line":28,"column":5}}],"line":25},"3":{"loc":{"start":{"line":29,"column":4},"end":{"line":32,"column":5}},"type":"if","locations":[{"start":{"line":29,"column":4},"end":{"line":32,"column":5}},{"start":{"line":29,"column":4},"end":{"line":32,"column":5}}],"line":29}},"s":{"0":17,"1":17,"2":17,"3":1,"4":1,"5":1,"6":1,"7":1,"8":6,"9":2,"10":2,"11":4,"12":2,"13":2,"14":2,"15":2,"16":17,"17":0,"18":3},"f":{"0":17,"1":1,"2":1,"3":6,"4":0,"5":3},"b":{"0":[17,10],"1":[17,13],"2":[2,4],"3":[2,2]},"_coverageSchema":"43e27e138ebf9cfc5966b082cf9a028302ed4184","hash":"cf750699ebc69cd2c2514f7edd47c9fd9fbb1ade"}
,"/home/labber/SCHEDULER/scheduler/src/components/Appointment/Header.js": {"path":"/home/labber/SCHEDULER/scheduler/src/components/Appointment/Header.js","statementMap":{"0":{"start":{"line":4,"column":2},"end":{"line":9,"column":4}}},"fnMap":{"0":{"name":"Header","decl":{"start":{"line":3,"column":24},"end":{"line":3,"column":30}},"loc":{"start":{"line":3,"column":38},"end":{"line":10,"column":1}},"line":3}},"branchMap":{},"s":{"0":30},"f":{"0":30},"b":{},"_coverageSchema":"43e27e138ebf9cfc5966b082cf9a028302ed4184","hash":"cc703973d759659dcd0b0e0b99ea41f7ba26d502"}
,"/home/labber/SCHEDULER/scheduler/src/components/Appointment/Show.js": {"path":"/home/labber/SCHEDULER/scheduler/src/components/Appointment/Show.js","statementMap":{"0":{"start":{"line":4,"column":2},"end":{"line":32,"column":4}}},"fnMap":{"0":{"name":"Show","decl":{"start":{"line":3,"column":24},"end":{"line":3,"column":28}},"loc":{"start":{"line":3,"column":36},"end":{"line":33,"column":1}},"line":3}},"branchMap":{"0":{"loc":{"start":{"line":11,"column":13},"end":{"line":11,"column":56}},"type":"binary-expr","locations":[{"start":{"line":11,"column":13},"end":{"line":11,"column":30}},{"start":{"line":11,"column":34},"end":{"line":11,"column":56}}],"line":11}},"s":{"0":6},"f":{"0":6},"b":{"0":[6,6]},"_coverageSchema":"43e27e138ebf9cfc5966b082cf9a028302ed4184","hash":"b472bacd37fd9854e058515081c4a7763b9ccf73"}
,"/home/labber/SCHEDULER/scheduler/src/components/Appointment/Status.js": {"path":"/home/labber/SCHEDULER/scheduler/src/components/Appointment/Status.js","statementMap":{"0":{"start":{"line":4,"column":2},"end":{"line":13,"column":4}}},"fnMap":{"0":{"name":"Status","decl":{"start":{"line":3,"column":24},"end":{"line":3,"column":30}},"loc":{"start":{"line":3,"column":38},"end":{"line":14,"column":1}},"line":3}},"branchMap":{},"s":{"0":6},"f":{"0":6},"b":{},"_coverageSchema":"43e27e138ebf9cfc5966b082cf9a028302ed4184","hash":"49aa32d61fb796b7fca2031c51ba197615ca2fd0"}
,"/home/labber/SCHEDULER/scheduler/src/components/Appointment/index.js": {"path":"/home/labber/SCHEDULER/scheduler/src/components/Appointment/index.js","statementMap":{"0":{"start":{"line":17,"column":16},"end":{"line":17,"column":23}},"1":{"start":{"line":18,"column":15},"end":{"line":18,"column":21}},"2":{"start":{"line":19,"column":17},"end":{"line":19,"column":25}},"3":{"start":{"line":20,"column":17},"end":{"line":20,"column":25}},"4":{"start":{"line":21,"column":19},"end":{"line":21,"column":29}},"5":{"start":{"line":22,"column":21},"end":{"line":22,"column":33}},"6":{"start":{"line":23,"column":23},"end":{"line":23,"column":37}},"7":{"start":{"line":24,"column":15},"end":{"line":24,"column":21}},"8":{"start":{"line":25,"column":18},"end":{"line":25,"column":27}},"9":{"start":{"line":30,"column":22},"end":{"line":33,"column":5}},"10":{"start":{"line":35,"column":4},"end":{"line":35,"column":23}},"11":{"start":{"line":37,"column":4},"end":{"line":40,"column":52}},"12":{"start":{"line":39,"column":18},"end":{"line":39,"column":34}},"13":{"start":{"line":40,"column":22},"end":{"line":40,"column":50}},"14":{"start":{"line":44,"column":4},"end":{"line":44,"column":31}},"15":{"start":{"line":45,"column":4},"end":{"line":48,"column":54}},"16":{"start":{"line":47,"column":18},"end":{"line":47,"column":35}},"17":{"start":{"line":48,"column":22},"end":{"line":48,"column":52}},"18":{"start":{"line":51,"column":37},"end":{"line":53,"column":3}},"19":{"start":{"line":56,"column":2},"end":{"line":104,"column":4}},"20":{"start":{"line":60,"column":47},"end":{"line":60,"column":65}},"21":{"start":{"line":65,"column":28},"end":{"line":65,"column":47}},"22":{"start":{"line":66,"column":26},"end":{"line":66,"column":42}}},"fnMap":{"0":{"name":"Appointment","decl":{"start":{"line":16,"column":24},"end":{"line":16,"column":35}},"loc":{"start":{"line":16,"column":43},"end":{"line":105,"column":1}},"line":16},"1":{"name":"save","decl":{"start":{"line":29,"column":11},"end":{"line":29,"column":15}},"loc":{"start":{"line":29,"column":35},"end":{"line":41,"column":3}},"line":29},"2":{"name":"(anonymous_2)","decl":{"start":{"line":39,"column":12},"end":{"line":39,"column":13}},"loc":{"start":{"line":39,"column":18},"end":{"line":39,"column":34}},"line":39},"3":{"name":"(anonymous_3)","decl":{"start":{"line":40,"column":13},"end":{"line":40,"column":14}},"loc":{"start":{"line":40,"column":22},"end":{"line":40,"column":50}},"line":40},"4":{"name":"destroy","decl":{"start":{"line":43,"column":11},"end":{"line":43,"column":18}},"loc":{"start":{"line":43,"column":21},"end":{"line":49,"column":3}},"line":43},"5":{"name":"(anonymous_5)","decl":{"start":{"line":47,"column":12},"end":{"line":47,"column":13}},"loc":{"start":{"line":47,"column":18},"end":{"line":47,"column":35}},"line":47},"6":{"name":"(anonymous_6)","decl":{"start":{"line":48,"column":13},"end":{"line":48,"column":14}},"loc":{"start":{"line":48,"column":22},"end":{"line":48,"column":52}},"line":48},"7":{"name":"(anonymous_7)","decl":{"start":{"line":60,"column":41},"end":{"line":60,"column":42}},"loc":{"start":{"line":60,"column":47},"end":{"line":60,"column":65}},"line":60},"8":{"name":"(anonymous_8)","decl":{"start":{"line":65,"column":22},"end":{"line":65,"column":23}},"loc":{"start":{"line":65,"column":28},"end":{"line":65,"column":47}},"line":65},"9":{"name":"(anonymous_9)","decl":{"start":{"line":66,"column":20},"end":{"line":66,"column":21}},"loc":{"start":{"line":66,"column":26},"end":{"line":66,"column":42}},"line":66}},"branchMap":{"0":{"loc":{"start":{"line":52,"column":4},"end":{"line":52,"column":34}},"type":"cond-expr","locations":[{"start":{"line":52,"column":22},"end":{"line":52,"column":26}},{"start":{"line":52,"column":29},"end":{"line":52,"column":34}}],"line":52},"1":{"loc":{"start":{"line":60,"column":9},"end":{"line":60,"column":69}},"type":"binary-expr","locations":[{"start":{"line":60,"column":9},"end":{"line":60,"column":23}},{"start":{"line":60,"column":27},"end":{"line":60,"column":69}}],"line":60},"2":{"loc":{"start":{"line":62,"column":9},"end":{"line":67,"column":12}},"type":"binary-expr","locations":[{"start":{"line":62,"column":9},"end":{"line":62,"column":22}},{"start":{"line":63,"column":10},"end":{"line":67,"column":12}}],"line":62},"3":{"loc":{"start":{"line":70,"column":9},"end":{"line":72,"column":9}},"type":"binary-expr","locations":[{"start":{"line":70,"column":9},"end":{"line":70,"column":24}},{"start":{"line":71,"column":10},"end":{"line":71,"column":82}}],"line":70},"4":{"loc":{"start":{"line":74,"column":9},"end":{"line":82,"column":9}},"type":"binary-expr","locations":[{"start":{"line":74,"column":9},"end":{"line":74,"column":22}},{"start":{"line":75,"column":10},"end":{"line":81,"column":12}}],"line":74},"5":{"loc":{"start":{"line":83,"column":9},"end":{"line":83,"column":55}},"type":"binary-expr","locations":[{"start":{"line":83,"column":9},"end":{"line":83,"column":24}},{"start":{"line":83,"column":28},"end":{"line":83,"column":55}}],"line":83},"6":{"loc":{"start":{"line":85,"column":9},"end":{"line":85,"column":59}},"type":"binary-expr","locations":[{"start":{"line":85,"column":9},"end":{"line":85,"column":26}},{"start":{"line":85,"column":30},"end":{"line":85,"column":59}}],"line":85},"7":{"loc":{"start":{"line":87,"column":9},"end":{"line":93,"column":9}},"type":"binary-expr","locations":[{"start":{"line":87,"column":9},"end":{"line":87,"column":25}},{"start":{"line":88,"column":10},"end":{"line":92,"column":12}}],"line":87},"8":{"loc":{"start":{"line":95,"column":9},"end":{"line":97,"column":9}},"type":"binary-expr","locations":[{"start":{"line":95,"column":9},"end":{"line":95,"column":28}},{"start":{"line":96,"column":10},"end":{"line":96,"column":72}}],"line":95},"9":{"loc":{"start":{"line":99,"column":9},"end":{"line":101,"column":9}},"type":"binary-expr","locations":[{"start":{"line":99,"column":9},"end":{"line":99,"column":30}},{"start":{"line":100,"column":10},"end":{"line":100,"column":74}}],"line":99}},"s":{"0":30,"1":30,"2":30,"3":30,"4":30,"5":30,"6":30,"7":30,"8":30,"9":1,"10":1,"11":1,"12":1,"13":0,"14":1,"15":1,"16":1,"17":0,"18":30,"19":30,"20":1,"21":1,"22":0},"f":{"0":30,"1":1,"2":1,"3":0,"4":1,"5":1,"6":0,"7":1,"8":1,"9":0},"b":{"0":[10,20],"1":[30,16],"2":[30,6],"3":[30,1],"4":[30,0],"5":[30,3],"6":[30,3],"7":[30,1],"8":[30,0],"9":[30,0]},"_coverageSchema":"43e27e138ebf9cfc5966b082cf9a028302ed4184","hash":"62b46e1243a5ab291e31e982905eee50cdebd709"}
,"/home/labber/SCHEDULER/scheduler/src/helpers/selectors.js": {"path":"/home/labber/SCHEDULER/scheduler/src/helpers/selectors.js","statementMap":{"0":{"start":{"line":2,"column":16},"end":{"line":2,"column":52}},"1":{"start":{"line":2,"column":37},"end":{"line":2,"column":51}},"2":{"start":{"line":4,"column":2},"end":{"line":4,"column":64}},"3":{"start":{"line":4,"column":54},"end":{"line":4,"column":64}},"4":{"start":{"line":6,"column":2},"end":{"line":6,"column":62}},"5":{"start":{"line":6,"column":38},"end":{"line":6,"column":60}},"6":{"start":{"line":10,"column":16},"end":{"line":10,"column":52}},"7":{"start":{"line":10,"column":37},"end":{"line":10,"column":51}},"8":{"start":{"line":12,"column":2},"end":{"line":12,"column":64}},"9":{"start":{"line":12,"column":54},"end":{"line":12,"column":64}},"10":{"start":{"line":14,"column":2},"end":{"line":14,"column":62}},"11":{"start":{"line":14,"column":38},"end":{"line":14,"column":60}},"12":{"start":{"line":18,"column":2},"end":{"line":23,"column":4}}},"fnMap":{"0":{"name":"getAppointmentsForDay","decl":{"start":{"line":1,"column":16},"end":{"line":1,"column":37}},"loc":{"start":{"line":1,"column":50},"end":{"line":7,"column":1}},"line":1},"1":{"name":"(anonymous_1)","decl":{"start":{"line":2,"column":32},"end":{"line":2,"column":33}},"loc":{"start":{"line":2,"column":37},"end":{"line":2,"column":51}},"line":2},"2":{"name":"(anonymous_2)","decl":{"start":{"line":6,"column":32},"end":{"line":6,"column":33}},"loc":{"start":{"line":6,"column":38},"end":{"line":6,"column":60}},"line":6},"3":{"name":"getInterviewersForDay","decl":{"start":{"line":9,"column":16},"end":{"line":9,"column":37}},"loc":{"start":{"line":9,"column":50},"end":{"line":15,"column":1}},"line":9},"4":{"name":"(anonymous_4)","decl":{"start":{"line":10,"column":32},"end":{"line":10,"column":33}},"loc":{"start":{"line":10,"column":37},"end":{"line":10,"column":51}},"line":10},"5":{"name":"(anonymous_5)","decl":{"start":{"line":14,"column":32},"end":{"line":14,"column":33}},"loc":{"start":{"line":14,"column":38},"end":{"line":14,"column":60}},"line":14},"6":{"name":"getInterview","decl":{"start":{"line":17,"column":16},"end":{"line":17,"column":28}},"loc":{"start":{"line":17,"column":47},"end":{"line":24,"column":1}},"line":17}},"branchMap":{"0":{"loc":{"start":{"line":4,"column":2},"end":{"line":4,"column":64}},"type":"if","locations":[{"start":{"line":4,"column":2},"end":{"line":4,"column":64}},{"start":{"line":4,"column":2},"end":{"line":4,"column":64}}],"line":4},"1":{"loc":{"start":{"line":4,"column":6},"end":{"line":4,"column":52}},"type":"binary-expr","locations":[{"start":{"line":4,"column":6},"end":{"line":4,"column":29}},{"start":{"line":4,"column":33},"end":{"line":4,"column":52}}],"line":4},"2":{"loc":{"start":{"line":12,"column":2},"end":{"line":12,"column":64}},"type":"if","locations":[{"start":{"line":12,"column":2},"end":{"line":12,"column":64}},{"start":{"line":12,"column":2},"end":{"line":12,"column":64}}],"line":12},"3":{"loc":{"start":{"line":12,"column":6},"end":{"line":12,"column":52}},"type":"binary-expr","locations":[{"start":{"line":12,"column":6},"end":{"line":12,"column":29}},{"start":{"line":12,"column":33},"end":{"line":12,"column":52}}],"line":12},"4":{"loc":{"start":{"line":19,"column":4},"end":{"line":22,"column":5}},"type":"binary-expr","locations":[{"start":{"line":19,"column":4},"end":{"line":19,"column":13}},{"start":{"line":19,"column":17},"end":{"line":22,"column":5}}],"line":19}},"s":{"0":14,"1":13,"2":14,"3":5,"4":9,"5":20,"6":14,"7":13,"8":14,"9":5,"10":9,"11":18,"12":14},"f":{"0":14,"1":13,"2":20,"3":14,"4":13,"5":18,"6":14},"b":{"0":[5,9],"1":[14,10],"2":[5,9],"3":[14,10],"4":[14,7]},"_coverageSchema":"43e27e138ebf9cfc5966b082cf9a028302ed4184","hash":"e51f9af3488af0ffb348b6da326b3f62d00b5636"}
,"/home/labber/SCHEDULER/scheduler/src/hooks/useApplicationData.js": {"path":"/home/labber/SCHEDULER/scheduler/src/hooks/useApplicationData.js","statementMap":{"0":{"start":{"line":14,"column":28},"end":{"line":19,"column":4}},"1":{"start":{"line":21,"column":17},"end":{"line":21,"column":56}},"2":{"start":{"line":21,"column":24},"end":{"line":21,"column":56}},"3":{"start":{"line":23,"column":2},"end":{"line":37,"column":9}},"4":{"start":{"line":24,"column":4},"end":{"line":36,"column":6}},"5":{"start":{"line":30,"column":8},"end":{"line":35,"column":10}},"6":{"start":{"line":39,"column":2},"end":{"line":39,"column":30}},"7":{"start":{"line":42,"column":4},"end":{"line":48,"column":7}},"8":{"start":{"line":43,"column":6},"end":{"line":47,"column":9}},"9":{"start":{"line":52,"column":4},"end":{"line":58,"column":7}},"10":{"start":{"line":53,"column":6},"end":{"line":57,"column":9}},"11":{"start":{"line":61,"column":2},"end":{"line":66,"column":4}}},"fnMap":{"0":{"name":"useApplicationData","decl":{"start":{"line":13,"column":24},"end":{"line":13,"column":42}},"loc":{"start":{"line":13,"column":45},"end":{"line":67,"column":1}},"line":13},"1":{"name":"(anonymous_1)","decl":{"start":{"line":21,"column":17},"end":{"line":21,"column":18}},"loc":{"start":{"line":21,"column":24},"end":{"line":21,"column":56}},"line":21},"2":{"name":"(anonymous_2)","decl":{"start":{"line":23,"column":12},"end":{"line":23,"column":13}},"loc":{"start":{"line":23,"column":18},"end":{"line":37,"column":3}},"line":23},"3":{"name":"(anonymous_3)","decl":{"start":{"line":29,"column":6},"end":{"line":29,"column":7}},"loc":{"start":{"line":30,"column":8},"end":{"line":35,"column":10}},"line":30},"4":{"name":"bookInterview","decl":{"start":{"line":41,"column":11},"end":{"line":41,"column":24}},"loc":{"start":{"line":41,"column":40},"end":{"line":49,"column":3}},"line":41},"5":{"name":"(anonymous_5)","decl":{"start":{"line":42,"column":68},"end":{"line":42,"column":69}},"loc":{"start":{"line":42,"column":74},"end":{"line":48,"column":5}},"line":42},"6":{"name":"cancelInterview","decl":{"start":{"line":51,"column":11},"end":{"line":51,"column":26}},"loc":{"start":{"line":51,"column":31},"end":{"line":59,"column":3}},"line":51},"7":{"name":"(anonymous_7)","decl":{"start":{"line":52,"column":56},"end":{"line":52,"column":57}},"loc":{"start":{"line":52,"column":62},"end":{"line":58,"column":5}},"line":52}},"branchMap":{},"s":{"0":9,"1":9,"2":1,"3":9,"4":3,"5":3,"6":9,"7":1,"8":1,"9":1,"10":1,"11":9},"f":{"0":9,"1":1,"2":3,"3":3,"4":1,"5":1,"6":1,"7":1},"b":{},"_coverageSchema":"43e27e138ebf9cfc5966b082cf9a028302ed4184","hash":"5699f0485dceca7a819547367d45d539c5a5ac2d"}
,"/home/labber/SCHEDULER/scheduler/src/hooks/useRealtimeUpdate.js": {"path":"/home/labber/SCHEDULER/scheduler/src/hooks/useRealtimeUpdate.js","statementMap":{"0":{"start":{"line":5,"column":2},"end":{"line":19,"column":17}},"1":{"start":{"line":6,"column":19},"end":{"line":6,"column":69}},"2":{"start":{"line":8,"column":4},"end":{"line":14,"column":6}},"3":{"start":{"line":9,"column":19},"end":{"line":9,"column":41}},"4":{"start":{"line":11,"column":6},"end":{"line":13,"column":7}},"5":{"start":{"line":12,"column":8},"end":{"line":12,"column":23}},"6":{"start":{"line":16,"column":4},"end":{"line":18,"column":6}},"7":{"start":{"line":17,"column":6},"end":{"line":17,"column":21}}},"fnMap":{"0":{"name":"useRealtimeUpdate","decl":{"start":{"line":4,"column":24},"end":{"line":4,"column":41}},"loc":{"start":{"line":4,"column":52},"end":{"line":20,"column":1}},"line":4},"1":{"name":"(anonymous_1)","decl":{"start":{"line":5,"column":12},"end":{"line":5,"column":13}},"loc":{"start":{"line":5,"column":18},"end":{"line":19,"column":3}},"line":5},"2":{"name":"(anonymous_2)","decl":{"start":{"line":8,"column":23},"end":{"line":8,"column":24}},"loc":{"start":{"line":8,"column":32},"end":{"line":14,"column":5}},"line":8},"3":{"name":"(anonymous_3)","decl":{"start":{"line":16,"column":11},"end":{"line":16,"column":12}},"loc":{"start":{"line":16,"column":17},"end":{"line":18,"column":5}},"line":16}},"branchMap":{"0":{"loc":{"start":{"line":11,"column":6},"end":{"line":13,"column":7}},"type":"if","locations":[{"start":{"line":11,"column":6},"end":{"line":13,"column":7}},{"start":{"line":11,"column":6},"end":{"line":13,"column":7}}],"line":11},"1":{"loc":{"start":{"line":11,"column":10},"end":{"line":11,"column":65}},"type":"binary-expr","locations":[{"start":{"line":11,"column":10},"end":{"line":11,"column":34}},{"start":{"line":11,"column":38},"end":{"line":11,"column":65}}],"line":11}},"s":{"0":9,"1":3,"2":3,"3":0,"4":0,"5":0,"6":3,"7":3},"f":{"0":9,"1":3,"2":0,"3":3},"b":{"0":[0,0],"1":[0,0]},"_coverageSchema":"43e27e138ebf9cfc5966b082cf9a028302ed4184","hash":"1d5799a1eb20f2f7430de6f474f448da7cd6b9e1"}
,"/home/labber/SCHEDULER/scheduler/src/hooks/useVisualMode.js": {"path":"/home/labber/SCHEDULER/scheduler/src/hooks/useVisualMode.js","statementMap":{"0":{"start":{"line":5,"column":26},"end":{"line":5,"column":43}},"1":{"start":{"line":6,"column":32},"end":{"line":6,"column":51}},"2":{"start":{"line":9,"column":4},"end":{"line":12,"column":5}},"3":{"start":{"line":10,"column":6},"end":{"line":10,"column":23}},"4":{"start":{"line":11,"column":6},"end":{"line":11,"column":69}},"5":{"start":{"line":11,"column":25},"end":{"line":11,"column":59}},"6":{"start":{"line":13,"column":4},"end":{"line":13,"column":21}},"7":{"start":{"line":14,"column":4},"end":{"line":14,"column":43}},"8":{"start":{"line":14,"column":23},"end":{"line":14,"column":41}},"9":{"start":{"line":18,"column":4},"end":{"line":20,"column":5}},"10":{"start":{"line":19,"column":6},"end":{"line":19,"column":62}},"11":{"start":{"line":19,"column":25},"end":{"line":19,"column":60}},"12":{"start":{"line":23,"column":2},"end":{"line":23,"column":65}}},"fnMap":{"0":{"name":"useVisualMode","decl":{"start":{"line":4,"column":24},"end":{"line":4,"column":37}},"loc":{"start":{"line":4,"column":56},"end":{"line":24,"column":1}},"line":4},"1":{"name":"transition","decl":{"start":{"line":8,"column":11},"end":{"line":8,"column":21}},"loc":{"start":{"line":8,"column":49},"end":{"line":15,"column":3}},"line":8},"2":{"name":"(anonymous_2)","decl":{"start":{"line":11,"column":17},"end":{"line":11,"column":18}},"loc":{"start":{"line":11,"column":25},"end":{"line":11,"column":59}},"line":11},"3":{"name":"(anonymous_3)","decl":{"start":{"line":14,"column":15},"end":{"line":14,"column":16}},"loc":{"start":{"line":14,"column":23},"end":{"line":14,"column":41}},"line":14},"4":{"name":"back","decl":{"start":{"line":17,"column":11},"end":{"line":17,"column":15}},"loc":{"start":{"line":17,"column":19},"end":{"line":21,"column":3}},"line":17},"5":{"name":"(anonymous_5)","decl":{"start":{"line":19,"column":17},"end":{"line":19,"column":18}},"loc":{"start":{"line":19,"column":25},"end":{"line":19,"column":60}},"line":19}},"branchMap":{"0":{"loc":{"start":{"line":8,"column":32},"end":{"line":8,"column":47}},"type":"default-arg","locations":[{"start":{"line":8,"column":42},"end":{"line":8,"column":47}}],"line":8},"1":{"loc":{"start":{"line":9,"column":4},"end":{"line":12,"column":5}},"type":"if","locations":[{"start":{"line":9,"column":4},"end":{"line":12,"column":5}},{"start":{"line":9,"column":4},"end":{"line":12,"column":5}}],"line":9},"2":{"loc":{"start":{"line":18,"column":4},"end":{"line":20,"column":5}},"type":"if","locations":[{"start":{"line":18,"column":4},"end":{"line":20,"column":5}},{"start":{"line":18,"column":4},"end":{"line":20,"column":5}}],"line":18}},"s":{"0":43,"1":43,"2":11,"3":2,"4":2,"5":2,"6":11,"7":11,"8":11,"9":4,"10":3,"11":3,"12":43},"f":{"0":43,"1":11,"2":2,"3":11,"4":4,"5":3},"b":{"0":[9],"1":[2,9],"2":[3,1]},"_coverageSchema":"43e27e138ebf9cfc5966b082cf9a028302ed4184","hash":"1b1191d67f41fb7caca32cf36ebaead29e4f52c1"}
,"/home/labber/SCHEDULER/scheduler/src/reducers/application.js": {"path":"/home/labber/SCHEDULER/scheduler/src/reducers/application.js","statementMap":{"0":{"start":{"line":1,"column":23},"end":{"line":1,"column":32}},"1":{"start":{"line":2,"column":36},"end":{"line":2,"column":58}},"2":{"start":{"line":3,"column":29},"end":{"line":3,"column":44}},"3":{"start":{"line":6,"column":2},"end":{"line":53,"column":3}},"4":{"start":{"line":8,"column":6},"end":{"line":8,"column":43}},"5":{"start":{"line":10,"column":6},"end":{"line":15,"column":8}},"6":{"start":{"line":17,"column":26},"end":{"line":20,"column":7}},"7":{"start":{"line":22,"column":27},"end":{"line":25,"column":7}},"8":{"start":{"line":27,"column":29},"end":{"line":32,"column":9}},"9":{"start":{"line":28,"column":8},"end":{"line":32,"column":9}},"10":{"start":{"line":30,"column":26},"end":{"line":30,"column":72}},"11":{"start":{"line":34,"column":19},"end":{"line":41,"column":8}},"12":{"start":{"line":35,"column":8},"end":{"line":40,"column":16}},"13":{"start":{"line":43,"column":6},"end":{"line":47,"column":8}},"14":{"start":{"line":50,"column":6},"end":{"line":52,"column":8}}},"fnMap":{"0":{"name":"reducer","decl":{"start":{"line":5,"column":24},"end":{"line":5,"column":31}},"loc":{"start":{"line":5,"column":47},"end":{"line":54,"column":1}},"line":5},"1":{"name":"(anonymous_1)","decl":{"start":{"line":27,"column":29},"end":{"line":27,"column":30}},"loc":{"start":{"line":28,"column":8},"end":{"line":32,"column":9}},"line":28},"2":{"name":"(anonymous_2)","decl":{"start":{"line":30,"column":10},"end":{"line":30,"column":11}},"loc":{"start":{"line":30,"column":26},"end":{"line":30,"column":72}},"line":30},"3":{"name":"(anonymous_3)","decl":{"start":{"line":34,"column":34},"end":{"line":34,"column":35}},"loc":{"start":{"line":34,"column":41},"end":{"line":41,"column":7}},"line":34}},"branchMap":{"0":{"loc":{"start":{"line":6,"column":2},"end":{"line":53,"column":3}},"type":"switch","locations":[{"start":{"line":7,"column":4},"end":{"line":8,"column":43}},{"start":{"line":9,"column":4},"end":{"line":15,"column":8}},{"start":{"line":16,"column":4},"end":{"line":48,"column":5}},{"start":{"line":49,"column":4},"end":{"line":52,"column":8}}],"line":6},"1":{"loc":{"start":{"line":19,"column":19},"end":{"line":19,"column":62}},"type":"binary-expr","locations":[{"start":{"line":19,"column":19},"end":{"line":19,"column":35}},{"start":{"line":19,"column":39},"end":{"line":19,"column":62}}],"line":19},"2":{"loc":{"start":{"line":30,"column":26},"end":{"line":30,"column":72}},"type":"cond-expr","locations":[{"start":{"line":30,"column":55},"end":{"line":30,"column":64}},{"start":{"line":30,"column":67},"end":{"line":30,"column":72}}],"line":30},"3":{"loc":{"start":{"line":35,"column":15},"end":{"line":40,"column":15}},"type":"cond-expr","locations":[{"start":{"line":36,"column":12},"end":{"line":39,"column":13}},{"start":{"line":40,"column":12},"end":{"line":40,"column":15}}],"line":35}},"s":{"0":2,"1":2,"2":2,"3":7,"4":1,"5":3,"6":2,"7":2,"8":2,"9":2,"10":4,"11":2,"12":4,"13":2,"14":1},"f":{"0":7,"1":2,"2":4,"3":4},"b":{"0":[1,3,2,1],"1":[2,1],"2":[2,2],"3":[2,2]},"_coverageSchema":"43e27e138ebf9cfc5966b082cf9a028302ed4184","hash":"b4b05a66ac8d52f51fd7e661f28f685d36ae9882"}
}
