TN:
SF:/home/labber/SCHEDULER/scheduler/src/components/Application.js
FN:16,Application
FN:27,(anonymous_1)
FNF:2
FNH:2
FNDA:7,Application
FNDA:8,(anonymous_1)
DA:22,7
DA:24,7
DA:26,7
DA:28,8
DA:41,7
LF:5
LH:5
BRF:0
BRH:0
end_of_record
TN:
SF:/home/labber/SCHEDULER/scheduler/src/components/Button.js
FN:7,Button
FNF:1
FNH:1
FNDA:2,Button
DA:8,2
DA:13,2
LF:2
LH:2
BRF:0
BRH:0
end_of_record
TN:
SF:/home/labber/SCHEDULER/scheduler/src/components/DayList.js
FN:5,DayList
FN:6,(anonymous_1)
FNF:2
FNH:2
FNDA:7,DayList
FNDA:8,(anonymous_1)
DA:6,7
DA:7,8
DA:18,7
LF:3
LH:3
BRF:0
BRH:0
end_of_record
TN:
SF:/home/labber/SCHEDULER/scheduler/src/components/DayListItem.js
FN:6,formatSpots
FN:13,DayListItem
FN:22,(anonymous_2)
FNF:3
FNH:3
FNDA:8,formatSpots
FNDA:8,DayListItem
FNDA:1,(anonymous_2)
DA:7,8
DA:8,8
DA:10,0
DA:14,8
DA:19,8
DA:22,1
LF:6
LH:5
BRDA:7,0,0,0
BRDA:7,0,1,8
BRDA:8,1,0,8
BRDA:8,1,1,0
BRF:4
BRH:2
end_of_record
TN:
SF:/home/labber/SCHEDULER/scheduler/src/components/InterviewerList.js
FN:8,InterviewerList
FN:9,(anonymous_1)
FN:17,(anonymous_2)
FNF:3
FNH:0
FNDA:0,InterviewerList
FNDA:0,(anonymous_1)
FNDA:0,(anonymous_2)
DA:9,0
DA:10,0
DA:17,0
DA:22,0
DA:30,2
LF:5
LH:1
BRF:0
BRH:0
end_of_record
TN:
SF:/home/labber/SCHEDULER/scheduler/src/components/InterviewerListItem.js
FN:6,InterviewerItem
FNF:1
FNH:0
FNDA:0,InterviewerItem
DA:7,0
DA:11,0
LF:2
LH:0
BRDA:18,0,0,0
BRDA:18,0,1,0
BRF:2
BRH:0
end_of_record
TN:
SF:/home/labber/SCHEDULER/scheduler/src/components/Appointment/Confirm.js
FN:5,Confirm
FNF:1
FNH:0
FNDA:0,Confirm
DA:6,0
LF:1
LH:0
BRF:0
BRH:0
end_of_record
TN:
SF:/home/labber/SCHEDULER/scheduler/src/components/Appointment/Empty.js
FN:3,Empty
FNF:1
FNH:1
FNDA:24,Empty
DA:4,24
LF:1
LH:1
BRF:0
BRH:0
end_of_record
TN:
SF:/home/labber/SCHEDULER/scheduler/src/components/Appointment/Error.js
FN:3,Error
FNF:1
FNH:0
FNDA:0,Error
DA:4,0
LF:1
LH:0
BRF:0
BRH:0
end_of_record
TN:
SF:/home/labber/SCHEDULER/scheduler/src/components/Appointment/Form.js
FN:5,Form
FN:10,reset
FN:16,cancel
FN:21,validate
FN:39,(anonymous_4)
FN:46,(anonymous_5)
FNF:6
FNH:0
FNDA:0,Form
FNDA:0,reset
FNDA:0,cancel
FNDA:0,validate
FNDA:0,(anonymous_4)
FNDA:0,(anonymous_5)
DA:6,0
DA:7,0
DA:8,0
DA:11,0
DA:12,0
DA:13,0
DA:17,0
DA:18,0
DA:22,0
DA:23,0
DA:24,0
DA:27,0
DA:28,0
DA:29,0
DA:32,0
DA:33,0
DA:36,0
DA:39,0
DA:47,0
LF:19
LH:0
BRDA:6,0,0,0
BRDA:6,0,1,0
BRDA:7,1,0,0
BRDA:7,1,1,0
BRDA:22,2,0,0
BRDA:22,2,1,0
BRDA:27,3,0,0
BRDA:27,3,1,0
BRF:8
BRH:0
end_of_record
TN:
SF:/home/labber/SCHEDULER/scheduler/src/components/Appointment/Header.js
FN:3,Header
FNF:1
FNH:1
FNDA:16,Header
DA:4,16
LF:1
LH:1
BRF:0
BRH:0
end_of_record
TN:
SF:/home/labber/SCHEDULER/scheduler/src/components/Appointment/Show.js
FN:3,Show
FNF:1
FNH:1
FNDA:8,Show
DA:4,8
LF:1
LH:1
BRDA:11,0,0,8
BRDA:11,0,1,8
BRF:2
BRH:2
end_of_record
TN:
SF:/home/labber/SCHEDULER/scheduler/src/components/Appointment/Status.js
FN:3,Status
FNF:1
FNH:0
FNDA:0,Status
DA:4,0
LF:1
LH:0
BRF:0
BRH:0
end_of_record
TN:
SF:/home/labber/SCHEDULER/scheduler/src/components/Appointment/index.js
FN:14,Appointment
FN:27,save
FN:37,(anonymous_2)
FN:38,(anonymous_3)
FN:41,destroy
FN:45,(anonymous_5)
FN:46,(anonymous_6)
FN:62,(anonymous_7)
FN:63,(anonymous_8)
FN:66,(anonymous_9)
FN:67,(anonymous_10)
FN:72,(anonymous_11)
FN:73,(anonymous_12)
FNF:13
FNH:1
FNDA:16,Appointment
FNDA:0,save
FNDA:0,(anonymous_2)
FNDA:0,(anonymous_3)
FNDA:0,destroy
FNDA:0,(anonymous_5)
FNDA:0,(anonymous_6)
FNDA:0,(anonymous_7)
FNDA:0,(anonymous_8)
FNDA:0,(anonymous_9)
FNDA:0,(anonymous_10)
FNDA:0,(anonymous_11)
FNDA:0,(anonymous_12)
DA:15,16
DA:16,16
DA:17,16
DA:18,16
DA:19,16
DA:20,16
DA:21,16
DA:22,16
DA:23,16
DA:28,0
DA:33,0
DA:35,0
DA:37,0
DA:38,0
DA:42,0
DA:43,0
DA:45,0
DA:46,0
DA:49,16
DA:54,16
DA:62,0
DA:63,0
DA:66,0
DA:67,0
DA:72,0
DA:73,0
LF:26
LH:11
BRDA:50,0,0,4
BRDA:50,0,1,12
BRDA:58,1,0,4
BRDA:58,1,1,12
BRDA:67,2,0,16
BRDA:67,2,1,12
BRDA:69,3,0,16
BRDA:69,3,1,4
BRDA:77,4,0,16
BRDA:77,4,1,0
BRDA:81,5,0,16
BRDA:81,5,1,0
BRDA:90,6,0,16
BRDA:90,6,1,0
BRDA:92,7,0,16
BRDA:92,7,1,0
BRDA:94,8,0,16
BRDA:94,8,1,0
BRDA:102,9,0,16
BRDA:102,9,1,0
BRDA:106,10,0,16
BRDA:106,10,1,0
BRF:22
BRH:15
end_of_record
TN:
SF:/home/labber/SCHEDULER/scheduler/src/components/__test__/Form_test.js
FN:8,(anonymous_0)
FN:17,(anonymous_1)
FN:22,(anonymous_2)
FN:27,(anonymous_3)
FN:43,(anonymous_4)
FN:59,(anonymous_5)
FN:81,(anonymous_6)
FN:104,(anonymous_7)
FNF:8
FNH:0
FNDA:0,(anonymous_0)
FNDA:0,(anonymous_1)
FNDA:0,(anonymous_2)
FNDA:0,(anonymous_3)
FNDA:0,(anonymous_4)
FNDA:0,(anonymous_5)
FNDA:0,(anonymous_6)
FNDA:0,(anonymous_7)
DA:6,0
DA:8,0
DA:9,0
DA:17,0
DA:18,0
DA:19,0
DA:22,0
DA:23,0
DA:24,0
DA:27,0
DA:29,0
DA:32,0
DA:37,0
DA:39,0
DA:40,0
DA:43,0
DA:45,0
DA:48,0
DA:53,0
DA:55,0
DA:56,0
DA:59,0
DA:61,0
DA:64,0
DA:74,0
DA:76,0
DA:77,0
DA:81,0
DA:82,0
DA:83,0
DA:87,0
DA:89,0
DA:90,0
DA:92,0
DA:96,0
DA:98,0
DA:100,0
DA:101,0
DA:104,0
DA:105,0
DA:106,0
DA:116,0
DA:117,0
DA:121,0
DA:123,0
DA:124,0
DA:126,0
LF:47
LH:0
BRF:0
BRH:0
end_of_record
TN:
SF:/home/labber/SCHEDULER/scheduler/src/helpers/selectors.js
FN:1,getAppointmentsForDay
FN:2,(anonymous_1)
FN:6,(anonymous_2)
FN:9,getInterviewersForDay
FN:10,(anonymous_4)
FN:14,(anonymous_5)
FN:17,getInterview
FNF:7
FNH:7
FNDA:12,getAppointmentsForDay
FNDA:11,(anonymous_1)
FNDA:16,(anonymous_2)
FNDA:12,getInterviewersForDay
FNDA:11,(anonymous_4)
FNDA:14,(anonymous_5)
FNDA:10,getInterview
DA:2,12
DA:4,12
DA:6,16
DA:10,12
DA:12,12
DA:14,14
DA:18,10
LF:7
LH:7
BRDA:4,0,0,5
BRDA:4,0,1,7
BRDA:4,1,0,12
BRDA:4,1,1,8
BRDA:12,2,0,5
BRDA:12,2,1,7
BRDA:12,3,0,12
BRDA:12,3,1,8
BRDA:19,4,0,10
BRDA:19,4,1,5
BRF:10
BRH:10
end_of_record
TN:
SF:/home/labber/SCHEDULER/scheduler/src/hooks/useApplicationData.js
FN:13,useApplicationData
FN:21,(anonymous_1)
FN:23,(anonymous_2)
FN:29,(anonymous_3)
FN:41,bookInterview
FN:42,(anonymous_5)
FN:51,cancelInterview
FN:52,(anonymous_7)
FNF:8
FNH:4
FNDA:7,useApplicationData
FNDA:1,(anonymous_1)
FNDA:3,(anonymous_2)
FNDA:3,(anonymous_3)
FNDA:0,bookInterview
FNDA:0,(anonymous_5)
FNDA:0,cancelInterview
FNDA:0,(anonymous_7)
DA:14,7
DA:21,7
DA:23,7
DA:24,3
DA:30,3
DA:39,7
DA:42,0
DA:43,0
DA:52,0
DA:53,0
DA:61,7
LF:11
LH:7
BRF:0
BRH:0
end_of_record
TN:
SF:/home/labber/SCHEDULER/scheduler/src/hooks/useRealtimeUpdate.js
FN:4,useRealtimeUpdate
FN:5,(anonymous_1)
FN:8,(anonymous_2)
FN:16,(anonymous_3)
FNF:4
FNH:3
FNDA:7,useRealtimeUpdate
FNDA:3,(anonymous_1)
FNDA:0,(anonymous_2)
FNDA:3,(anonymous_3)
DA:5,7
DA:6,3
DA:8,3
DA:9,0
DA:11,0
DA:12,0
DA:16,3
DA:17,3
LF:8
LH:5
BRDA:11,0,0,0
BRDA:11,0,1,0
BRDA:11,1,0,0
BRDA:11,1,1,0
BRF:4
BRH:0
end_of_record
TN:
SF:/home/labber/SCHEDULER/scheduler/src/hooks/useVisualMode.js
FN:2,useVisualMode
FN:5,transition
FN:8,(anonymous_2)
FN:11,(anonymous_3)
FN:13,back
FN:15,(anonymous_5)
FNF:6
FNH:6
FNDA:29,useVisualMode
FNDA:5,transition
FNDA:1,(anonymous_2)
FNDA:5,(anonymous_3)
FNDA:4,back
FNDA:3,(anonymous_5)
DA:3,29
DA:4,29
DA:6,5
DA:7,1
DA:8,1
DA:10,5
DA:11,5
DA:14,4
DA:15,3
DA:19,29
LF:10
LH:10
BRDA:5,0,0,4
BRDA:6,1,0,1
BRDA:6,1,1,4
BRDA:14,2,0,3
BRDA:14,2,1,1
BRF:5
BRH:5
end_of_record
TN:
SF:/home/labber/SCHEDULER/scheduler/src/reducers/application.js
FN:5,reducer
FN:27,(anonymous_1)
FN:30,(anonymous_2)
FN:34,(anonymous_3)
FNF:4
FNH:1
FNDA:5,reducer
FNDA:0,(anonymous_1)
FNDA:0,(anonymous_2)
FNDA:0,(anonymous_3)
DA:1,2
DA:2,2
DA:3,2
DA:6,5
DA:8,1
DA:10,3
DA:17,0
DA:22,0
DA:27,0
DA:28,0
DA:30,0
DA:34,0
DA:35,0
DA:43,0
DA:50,1
LF:15
LH:7
BRDA:6,0,0,1
BRDA:6,0,1,3
BRDA:6,0,2,0
BRDA:6,0,3,1
BRDA:19,1,0,0
BRDA:19,1,1,0
BRDA:30,2,0,0
BRDA:30,2,1,0
BRDA:35,3,0,0
BRDA:35,3,1,0
BRF:10
BRH:3
end_of_record
