TN:
SF:/home/labber/SCHEDULER/scheduler/src/components/Application.js
FN:16,Application
FN:27,(anonymous_1)
FNF:2
FNH:2
FNDA:9,Application
FNDA:12,(anonymous_1)
DA:22,9
DA:24,9
DA:26,9
DA:28,12
DA:41,9
LF:5
LH:5
BRF:0
BRH:0
end_of_record
TN:
SF:/home/labber/SCHEDULER/scheduler/src/components/Button.js
FN:7,Button
FNF:1
FNH:1
FNDA:38,Button
DA:8,38
DA:13,38
LF:2
LH:2
BRF:0
BRH:0
end_of_record
TN:
SF:/home/labber/SCHEDULER/scheduler/src/components/DayList.js
FN:5,DayList
FN:6,(anonymous_1)
FNF:2
FNH:2
FNDA:9,DayList
FNDA:12,(anonymous_1)
DA:6,9
DA:7,12
DA:18,9
LF:3
LH:3
BRF:0
BRH:0
end_of_record
TN:
SF:/home/labber/SCHEDULER/scheduler/src/components/DayListItem.js
FN:6,formatSpots
FN:13,DayListItem
FN:22,(anonymous_2)
FNF:3
FNH:3
FNDA:12,formatSpots
FNDA:12,DayListItem
FNDA:1,(anonymous_2)
DA:7,12
DA:8,11
DA:10,1
DA:14,12
DA:19,12
DA:22,1
LF:6
LH:6
BRDA:7,0,0,1
BRDA:7,0,1,11
BRDA:8,1,0,10
BRDA:8,1,1,1
BRF:4
BRH:4
end_of_record
TN:
SF:/home/labber/SCHEDULER/scheduler/src/components/InterviewerList.js
FN:8,InterviewerList
FN:9,(anonymous_1)
FN:17,(anonymous_2)
FNF:3
FNH:3
FNDA:17,InterviewerList
FNDA:20,(anonymous_1)
FNDA:1,(anonymous_2)
DA:9,17
DA:10,20
DA:17,1
DA:22,17
DA:30,3
LF:5
LH:5
BRF:0
BRH:0
end_of_record
TN:
SF:/home/labber/SCHEDULER/scheduler/src/components/InterviewerListItem.js
FN:6,InterviewerItem
FNF:1
FNH:1
FNDA:20,InterviewerItem
DA:7,20
DA:11,20
LF:2
LH:2
BRDA:18,0,0,20
BRDA:18,0,1,5
BRF:2
BRH:2
end_of_record
TN:
SF:/home/labber/SCHEDULER/scheduler/src/components/Appointment/Confirm.js
FN:5,Confirm
FNF:1
FNH:1
FNDA:1,Confirm
DA:6,1
LF:1
LH:1
BRF:0
BRH:0
end_of_record
TN:
SF:/home/labber/SCHEDULER/scheduler/src/components/Appointment/Empty.js
FN:3,Empty
FNF:1
FNH:1
FNDA:16,Empty
DA:4,16
LF:1
LH:1
BRF:0
BRH:0
end_of_record
TN:
SF:/home/labber/SCHEDULER/scheduler/src/components/Appointment/Error.js
FN:3,Error
FNF:1
FNH:0
FNDA:0,Error
DA:4,0
LF:1
LH:0
BRF:0
BRH:0
end_of_record
TN:
SF:/home/labber/SCHEDULER/scheduler/src/components/Appointment/Form.js
FN:6,Form
FN:11,reset
FN:17,cancel
FN:24,validate
FN:40,(anonymous_4)
FN:47,(anonymous_5)
FNF:6
FNH:5
FNDA:17,Form
FNDA:1,reset
FNDA:1,cancel
FNDA:6,validate
FNDA:0,(anonymous_4)
FNDA:3,(anonymous_5)
DA:7,17
DA:8,17
DA:9,17
DA:12,1
DA:13,1
DA:14,1
DA:18,1
DA:19,1
DA:25,6
DA:26,2
DA:27,2
DA:29,4
DA:30,2
DA:31,2
DA:33,2
DA:34,2
DA:37,17
DA:40,0
DA:48,3
LF:19
LH:18
BRDA:7,0,0,17
BRDA:7,0,1,10
BRDA:8,1,0,17
BRDA:8,1,1,13
BRDA:25,2,0,2
BRDA:25,2,1,4
BRDA:29,3,0,2
BRDA:29,3,1,2
BRF:8
BRH:8
end_of_record
TN:
SF:/home/labber/SCHEDULER/scheduler/src/components/Appointment/Header.js
FN:3,Header
FNF:1
FNH:1
FNDA:30,Header
DA:4,30
LF:1
LH:1
BRF:0
BRH:0
end_of_record
TN:
SF:/home/labber/SCHEDULER/scheduler/src/components/Appointment/Show.js
FN:3,Show
FNF:1
FNH:1
FNDA:6,Show
DA:4,6
LF:1
LH:1
BRDA:11,0,0,6
BRDA:11,0,1,6
BRF:2
BRH:2
end_of_record
TN:
SF:/home/labber/SCHEDULER/scheduler/src/components/Appointment/Status.js
FN:3,Status
FNF:1
FNH:1
FNDA:6,Status
DA:4,6
LF:1
LH:1
BRF:0
BRH:0
end_of_record
TN:
SF:/home/labber/SCHEDULER/scheduler/src/components/Appointment/index.js
FN:16,Appointment
FN:29,save
FN:39,(anonymous_2)
FN:40,(anonymous_3)
FN:43,destroy
FN:47,(anonymous_5)
FN:48,(anonymous_6)
FN:60,(anonymous_7)
FN:65,(anonymous_8)
FN:66,(anonymous_9)
FNF:10
FNH:7
FNDA:30,Appointment
FNDA:1,save
FNDA:1,(anonymous_2)
FNDA:0,(anonymous_3)
FNDA:1,destroy
FNDA:1,(anonymous_5)
FNDA:0,(anonymous_6)
FNDA:1,(anonymous_7)
FNDA:1,(anonymous_8)
FNDA:0,(anonymous_9)
DA:17,30
DA:18,30
DA:19,30
DA:20,30
DA:21,30
DA:22,30
DA:23,30
DA:24,30
DA:25,30
DA:30,1
DA:35,1
DA:37,1
DA:39,1
DA:40,0
DA:44,1
DA:45,1
DA:47,1
DA:48,0
DA:51,30
DA:56,30
DA:60,1
DA:65,1
DA:66,0
LF:23
LH:20
BRDA:52,0,0,10
BRDA:52,0,1,20
BRDA:60,1,0,30
BRDA:60,1,1,16
BRDA:62,2,0,30
BRDA:62,2,1,6
BRDA:70,3,0,30
BRDA:70,3,1,1
BRDA:74,4,0,30
BRDA:74,4,1,0
BRDA:83,5,0,30
BRDA:83,5,1,3
BRDA:85,6,0,30
BRDA:85,6,1,3
BRDA:87,7,0,30
BRDA:87,7,1,1
BRDA:95,8,0,30
BRDA:95,8,1,0
BRDA:99,9,0,30
BRDA:99,9,1,0
BRF:20
BRH:17
end_of_record
TN:
SF:/home/labber/SCHEDULER/scheduler/src/helpers/selectors.js
FN:1,getAppointmentsForDay
FN:2,(anonymous_1)
FN:6,(anonymous_2)
FN:9,getInterviewersForDay
FN:10,(anonymous_4)
FN:14,(anonymous_5)
FN:17,getInterview
FNF:7
FNH:7
FNDA:14,getAppointmentsForDay
FNDA:13,(anonymous_1)
FNDA:20,(anonymous_2)
FNDA:14,getInterviewersForDay
FNDA:13,(anonymous_4)
FNDA:18,(anonymous_5)
FNDA:14,getInterview
DA:2,14
DA:4,14
DA:6,20
DA:10,14
DA:12,14
DA:14,18
DA:18,14
LF:7
LH:7
BRDA:4,0,0,5
BRDA:4,0,1,9
BRDA:4,1,0,14
BRDA:4,1,1,10
BRDA:12,2,0,5
BRDA:12,2,1,9
BRDA:12,3,0,14
BRDA:12,3,1,10
BRDA:19,4,0,14
BRDA:19,4,1,7
BRF:10
BRH:10
end_of_record
TN:
SF:/home/labber/SCHEDULER/scheduler/src/hooks/useApplicationData.js
FN:13,useApplicationData
FN:21,(anonymous_1)
FN:23,(anonymous_2)
FN:29,(anonymous_3)
FN:41,bookInterview
FN:42,(anonymous_5)
FN:51,cancelInterview
FN:52,(anonymous_7)
FNF:8
FNH:8
FNDA:9,useApplicationData
FNDA:1,(anonymous_1)
FNDA:3,(anonymous_2)
FNDA:3,(anonymous_3)
FNDA:1,bookInterview
FNDA:1,(anonymous_5)
FNDA:1,cancelInterview
FNDA:1,(anonymous_7)
DA:14,9
DA:21,9
DA:23,9
DA:24,3
DA:30,3
DA:39,9
DA:42,1
DA:43,1
DA:52,1
DA:53,1
DA:61,9
LF:11
LH:11
BRF:0
BRH:0
end_of_record
TN:
SF:/home/labber/SCHEDULER/scheduler/src/hooks/useRealtimeUpdate.js
FN:4,useRealtimeUpdate
FN:5,(anonymous_1)
FN:8,(anonymous_2)
FN:16,(anonymous_3)
FNF:4
FNH:3
FNDA:9,useRealtimeUpdate
FNDA:3,(anonymous_1)
FNDA:0,(anonymous_2)
FNDA:3,(anonymous_3)
DA:5,9
DA:6,3
DA:8,3
DA:9,0
DA:11,0
DA:12,0
DA:16,3
DA:17,3
LF:8
LH:5
BRDA:11,0,0,0
BRDA:11,0,1,0
BRDA:11,1,0,0
BRDA:11,1,1,0
BRF:4
BRH:0
end_of_record
TN:
SF:/home/labber/SCHEDULER/scheduler/src/hooks/useVisualMode.js
FN:4,useVisualMode
FN:8,transition
FN:11,(anonymous_2)
FN:14,(anonymous_3)
FN:17,back
FN:19,(anonymous_5)
FNF:6
FNH:6
FNDA:43,useVisualMode
FNDA:11,transition
FNDA:2,(anonymous_2)
FNDA:11,(anonymous_3)
FNDA:4,back
FNDA:3,(anonymous_5)
DA:5,43
DA:6,43
DA:9,11
DA:10,2
DA:11,2
DA:13,11
DA:14,11
DA:18,4
DA:19,3
DA:23,43
LF:10
LH:10
BRDA:8,0,0,9
BRDA:9,1,0,2
BRDA:9,1,1,9
BRDA:18,2,0,3
BRDA:18,2,1,1
BRF:5
BRH:5
end_of_record
TN:
SF:/home/labber/SCHEDULER/scheduler/src/reducers/application.js
FN:5,reducer
FN:27,(anonymous_1)
FN:30,(anonymous_2)
FN:34,(anonymous_3)
FNF:4
FNH:4
FNDA:7,reducer
FNDA:2,(anonymous_1)
FNDA:4,(anonymous_2)
FNDA:4,(anonymous_3)
DA:1,2
DA:2,2
DA:3,2
DA:6,7
DA:8,1
DA:10,3
DA:17,2
DA:22,2
DA:27,2
DA:28,2
DA:30,4
DA:34,2
DA:35,4
DA:43,2
DA:50,1
LF:15
LH:15
BRDA:6,0,0,1
BRDA:6,0,1,3
BRDA:6,0,2,2
BRDA:6,0,3,1
BRDA:19,1,0,2
BRDA:19,1,1,1
BRDA:30,2,0,2
BRDA:30,2,1,2
BRDA:35,3,0,2
BRDA:35,3,1,2
BRF:10
BRH:10
end_of_record
